{"/Users/tjp/code/projects/mecs/src/commands.ts": {"path":"/Users/tjp/code/projects/mecs/src/commands.ts","statementMap":{"0":{"start":{"line":44,"column":29},"end":{"line":44,"column":31}},"1":{"start":{"line":51,"column":4},"end":{"line":51,"column":28}},"2":{"start":{"line":55,"column":4},"end":{"line":58,"column":6}},"3":{"start":{"line":62,"column":4},"end":{"line":65,"column":6}},"4":{"start":{"line":69,"column":4},"end":{"line":71,"column":5}},"5":{"start":{"line":70,"column":6},"end":{"line":70,"column":70}},"6":{"start":{"line":73,"column":4},"end":{"line":73,"column":43}},"7":{"start":{"line":77,"column":4},"end":{"line":79,"column":5}},"8":{"start":{"line":78,"column":6},"end":{"line":78,"column":32}},"9":{"start":{"line":81,"column":4},"end":{"line":81,"column":23}},"10":{"start":{"line":85,"column":4},"end":{"line":85,"column":42}},"11":{"start":{"line":89,"column":4},"end":{"line":107,"column":5}},"12":{"start":{"line":90,"column":6},"end":{"line":106,"column":7}},"13":{"start":{"line":92,"column":10},"end":{"line":92,"column":53}},"14":{"start":{"line":93,"column":10},"end":{"line":93,"column":15}},"15":{"start":{"line":95,"column":10},"end":{"line":95,"column":53}},"16":{"start":{"line":96,"column":10},"end":{"line":96,"column":15}},"17":{"start":{"line":98,"column":10},"end":{"line":98,"column":44}},"18":{"start":{"line":99,"column":10},"end":{"line":99,"column":15}},"19":{"start":{"line":101,"column":10},"end":{"line":101,"column":71}},"20":{"start":{"line":102,"column":10},"end":{"line":102,"column":15}},"21":{"start":{"line":104,"column":10},"end":{"line":104,"column":71}},"22":{"start":{"line":105,"column":10},"end":{"line":105,"column":15}},"23":{"start":{"line":109,"column":4},"end":{"line":109,"column":19}},"24":{"start":{"line":120,"column":4},"end":{"line":120,"column":22}},"25":{"start":{"line":124,"column":4},"end":{"line":128,"column":6}},"26":{"start":{"line":130,"column":4},"end":{"line":130,"column":15}},"27":{"start":{"line":134,"column":4},"end":{"line":138,"column":6}},"28":{"start":{"line":140,"column":4},"end":{"line":140,"column":15}},"29":{"start":{"line":144,"column":4},"end":{"line":147,"column":6}},"30":{"start":{"line":149,"column":4},"end":{"line":149,"column":15}}},"fnMap":{"0":{"name":"(anonymous_0)","decl":{"start":{"line":46,"column":2},"end":{"line":46,"column":3}},"loc":{"start":{"line":48,"column":4},"end":{"line":48,"column":6}},"line":48},"1":{"name":"(anonymous_1)","decl":{"start":{"line":50,"column":2},"end":{"line":50,"column":3}},"loc":{"start":{"line":50,"column":37},"end":{"line":52,"column":3}},"line":50},"2":{"name":"(anonymous_2)","decl":{"start":{"line":54,"column":2},"end":{"line":54,"column":3}},"loc":{"start":{"line":54,"column":56},"end":{"line":59,"column":3}},"line":54},"3":{"name":"(anonymous_3)","decl":{"start":{"line":61,"column":2},"end":{"line":61,"column":3}},"loc":{"start":{"line":61,"column":74},"end":{"line":66,"column":3}},"line":61},"4":{"name":"(anonymous_4)","decl":{"start":{"line":68,"column":2},"end":{"line":68,"column":3}},"loc":{"start":{"line":68,"column":48},"end":{"line":74,"column":3}},"line":68},"5":{"name":"(anonymous_5)","decl":{"start":{"line":76,"column":2},"end":{"line":76,"column":3}},"loc":{"start":{"line":76,"column":52},"end":{"line":82,"column":3}},"line":76},"6":{"name":"(anonymous_6)","decl":{"start":{"line":84,"column":2},"end":{"line":84,"column":3}},"loc":{"start":{"line":84,"column":33},"end":{"line":86,"column":3}},"line":84},"7":{"name":"(anonymous_7)","decl":{"start":{"line":88,"column":2},"end":{"line":88,"column":3}},"loc":{"start":{"line":88,"column":23},"end":{"line":110,"column":3}},"line":88},"8":{"name":"(anonymous_8)","decl":{"start":{"line":114,"column":2},"end":{"line":114,"column":3}},"loc":{"start":{"line":117,"column":4},"end":{"line":117,"column":6}},"line":117},"9":{"name":"(anonymous_9)","decl":{"start":{"line":119,"column":2},"end":{"line":119,"column":3}},"loc":{"start":{"line":119,"column":22},"end":{"line":121,"column":3}},"line":119},"10":{"name":"(anonymous_10)","decl":{"start":{"line":123,"column":2},"end":{"line":123,"column":3}},"loc":{"start":{"line":123,"column":49},"end":{"line":131,"column":3}},"line":123},"11":{"name":"(anonymous_11)","decl":{"start":{"line":133,"column":2},"end":{"line":133,"column":3}},"loc":{"start":{"line":133,"column":67},"end":{"line":141,"column":3}},"line":133},"12":{"name":"(anonymous_12)","decl":{"start":{"line":143,"column":2},"end":{"line":143,"column":3}},"loc":{"start":{"line":143,"column":25},"end":{"line":150,"column":3}},"line":143}},"branchMap":{"0":{"loc":{"start":{"line":69,"column":4},"end":{"line":71,"column":5}},"type":"if","locations":[{"start":{"line":69,"column":4},"end":{"line":71,"column":5}},{"start":{},"end":{}}],"line":69},"1":{"loc":{"start":{"line":77,"column":4},"end":{"line":79,"column":5}},"type":"if","locations":[{"start":{"line":77,"column":4},"end":{"line":79,"column":5}},{"start":{},"end":{}}],"line":77},"2":{"loc":{"start":{"line":90,"column":6},"end":{"line":106,"column":7}},"type":"switch","locations":[{"start":{"line":91,"column":8},"end":{"line":93,"column":15}},{"start":{"line":94,"column":8},"end":{"line":96,"column":15}},{"start":{"line":97,"column":8},"end":{"line":99,"column":15}},{"start":{"line":100,"column":8},"end":{"line":102,"column":15}},{"start":{"line":103,"column":8},"end":{"line":105,"column":15}}],"line":90}},"s":{"0":8,"1":7,"2":2,"3":1,"4":9,"5":1,"6":8,"7":2,"8":1,"9":1,"10":2,"11":7,"12":7,"13":2,"14":2,"15":1,"16":1,"17":1,"18":1,"19":2,"20":2,"21":1,"22":1,"23":7,"24":4,"25":2,"26":2,"27":1,"28":1,"29":1,"30":1},"f":{"0":8,"1":7,"2":2,"3":1,"4":9,"5":2,"6":2,"7":7,"8":9,"9":4,"10":2,"11":1,"12":1},"b":{"0":[1,8],"1":[1,1],"2":[2,1,1,2,1]},"_coverageSchema":"1a1c01bbd47fc00a2c39e90264f33305004495a9","hash":"73af15efed2ea11cc19eeeeee408a9edcd0408bb"}
,"/Users/tjp/code/projects/mecs/src/utilities.ts": {"path":"/Users/tjp/code/projects/mecs/src/utilities.ts","statementMap":{"0":{"start":{"line":5,"column":18},"end":{"line":5,"column":59}},"1":{"start":{"line":5,"column":24},"end":{"line":5,"column":59}}},"fnMap":{"0":{"name":"(anonymous_0)","decl":{"start":{"line":5,"column":18},"end":{"line":5,"column":19}},"loc":{"start":{"line":5,"column":24},"end":{"line":5,"column":59}},"line":5}},"branchMap":{},"s":{"0":2,"1":21},"f":{"0":21},"b":{},"_coverageSchema":"1a1c01bbd47fc00a2c39e90264f33305004495a9","hash":"23fbfcdc5943b608578321fe93ce88b1aa5078fa"}
,"/Users/tjp/code/projects/mecs/src/world.ts": {"path":"/Users/tjp/code/projects/mecs/src/world.ts","statementMap":{"0":{"start":{"line":15,"column":23},"end":{"line":15,"column":27}},"1":{"start":{"line":18,"column":4},"end":{"line":20,"column":5}},"2":{"start":{"line":19,"column":6},"end":{"line":19,"column":47}},"3":{"start":{"line":24,"column":4},"end":{"line":24,"column":25}},"4":{"start":{"line":29,"column":25},"end":{"line":29,"column":29}},"5":{"start":{"line":31,"column":20},"end":{"line":31,"column":37}},"6":{"start":{"line":32,"column":22},"end":{"line":32,"column":55}},"7":{"start":{"line":35,"column":4},"end":{"line":35,"column":45}},"8":{"start":{"line":41,"column":4},"end":{"line":43,"column":39}},"9":{"start":{"line":42,"column":6},"end":{"line":42,"column":19}},"10":{"start":{"line":45,"column":4},"end":{"line":45,"column":29}},"11":{"start":{"line":46,"column":4},"end":{"line":46,"column":42}},"12":{"start":{"line":48,"column":4},"end":{"line":48,"column":17}},"13":{"start":{"line":52,"column":4},"end":{"line":55,"column":5}},"14":{"start":{"line":53,"column":6},"end":{"line":53,"column":34}},"15":{"start":{"line":54,"column":6},"end":{"line":54,"column":36}},"16":{"start":{"line":59,"column":4},"end":{"line":59,"column":63}},"17":{"start":{"line":63,"column":4},"end":{"line":63,"column":55}},"18":{"start":{"line":67,"column":4},"end":{"line":67,"column":64}},"19":{"start":{"line":71,"column":4},"end":{"line":71,"column":66}},"20":{"start":{"line":75,"column":4},"end":{"line":75,"column":58}},"21":{"start":{"line":79,"column":4},"end":{"line":79,"column":67}}},"fnMap":{"0":{"name":"(anonymous_0)","decl":{"start":{"line":17,"column":2},"end":{"line":17,"column":3}},"loc":{"start":{"line":17,"column":78},"end":{"line":21,"column":3}},"line":17},"1":{"name":"(anonymous_1)","decl":{"start":{"line":23,"column":2},"end":{"line":23,"column":3}},"loc":{"start":{"line":23,"column":20},"end":{"line":25,"column":3}},"line":23},"2":{"name":"(anonymous_2)","decl":{"start":{"line":34,"column":2},"end":{"line":34,"column":3}},"loc":{"start":{"line":34,"column":23},"end":{"line":36,"column":3}},"line":34},"3":{"name":"(anonymous_3)","decl":{"start":{"line":38,"column":2},"end":{"line":38,"column":3}},"loc":{"start":{"line":38,"column":25},"end":{"line":49,"column":3}},"line":38},"4":{"name":"(anonymous_4)","decl":{"start":{"line":51,"column":2},"end":{"line":51,"column":3}},"loc":{"start":{"line":51,"column":39},"end":{"line":56,"column":3}},"line":51},"5":{"name":"(anonymous_5)","decl":{"start":{"line":58,"column":2},"end":{"line":58,"column":3}},"loc":{"start":{"line":58,"column":74},"end":{"line":60,"column":3}},"line":58},"6":{"name":"(anonymous_6)","decl":{"start":{"line":62,"column":2},"end":{"line":62,"column":3}},"loc":{"start":{"line":62,"column":68},"end":{"line":64,"column":3}},"line":62},"7":{"name":"(anonymous_7)","decl":{"start":{"line":66,"column":2},"end":{"line":66,"column":3}},"loc":{"start":{"line":66,"column":109},"end":{"line":68,"column":3}},"line":66},"8":{"name":"(anonymous_8)","decl":{"start":{"line":70,"column":2},"end":{"line":70,"column":3}},"loc":{"start":{"line":70,"column":57},"end":{"line":72,"column":3}},"line":70},"9":{"name":"(anonymous_9)","decl":{"start":{"line":74,"column":2},"end":{"line":74,"column":3}},"loc":{"start":{"line":74,"column":51},"end":{"line":76,"column":3}},"line":74},"10":{"name":"(anonymous_10)","decl":{"start":{"line":78,"column":2},"end":{"line":78,"column":3}},"loc":{"start":{"line":78,"column":92},"end":{"line":80,"column":3}},"line":78}},"branchMap":{"0":{"loc":{"start":{"line":17,"column":49},"end":{"line":17,"column":76}},"type":"default-arg","locations":[{"start":{"line":17,"column":74},"end":{"line":17,"column":76}}],"line":17},"1":{"loc":{"start":{"line":18,"column":4},"end":{"line":20,"column":5}},"type":"if","locations":[{"start":{"line":18,"column":4},"end":{"line":20,"column":5}},{"start":{},"end":{}}],"line":18},"2":{"loc":{"start":{"line":52,"column":4},"end":{"line":55,"column":5}},"type":"if","locations":[{"start":{"line":52,"column":4},"end":{"line":55,"column":5}},{"start":{},"end":{}}],"line":52}},"s":{"0":2,"1":6,"2":3,"3":6,"4":11,"5":11,"6":11,"7":11,"8":8,"9":8,"10":8,"11":8,"12":8,"13":3,"14":2,"15":2,"16":3,"17":2,"18":8,"19":3,"20":2,"21":8},"f":{"0":6,"1":6,"2":11,"3":8,"4":3,"5":3,"6":2,"7":8,"8":3,"9":2,"10":8},"b":{"0":[5],"1":[3,3],"2":[2,1]},"_coverageSchema":"1a1c01bbd47fc00a2c39e90264f33305004495a9","hash":"24afcfc671c0f8672a3e447478f94e4f423cb22c"}
}
